<?xml version="1.0" encoding="UTF-8"?>
<!-- Generated by org.testng.reporters.JUnitReportReporter -->
<testsuite skipped="0" hostname="logesh" name="com.crm.qa.testcases.HomePageTest" tests="3" failures="0" timestamp="09 Jan 2019 03:57:20 GMT" time="156.739" errors="0">
  <testcase name="validateHomePageTitleTest" time="48.415" classname="com.crm.qa.testcases.HomePageTest"/>
  <testcase name="validateUserNameTest" time="64.560" classname="com.crm.qa.testcases.HomePageTest"/>
  <testcase name="verifyContactsLinkTest" time="43.764" classname="com.crm.qa.testcases.HomePageTest"/>
</testsuite> <!-- com.crm.qa.testcases.HomePageTest -->
