<?xml version="1.0" encoding="UTF-8"?>
<!-- Generated by org.testng.reporters.JUnitReportReporter -->
<testsuite skipped="0" hostname="logesh" name="com.crm.qa.testcases.LoginPageTest" tests="3" failures="0" timestamp="09 Jan 2019 03:57:20 GMT" time="239.416" errors="0">
  <testcase name="validateLoginPageTitleTest" time="30.557" classname="com.crm.qa.testcases.LoginPageTest"/>
  <testcase name="validateCRMlogoTest" time="18.732" classname="com.crm.qa.testcases.LoginPageTest"/>
  <testcase name="LoginTest" time="190.127" classname="com.crm.qa.testcases.LoginPageTest"/>
</testsuite> <!-- com.crm.qa.testcases.LoginPageTest -->
